INFO:     Started server process [7260]
INFO:     Waiting for application startup.
2026-06-18 11:07:02,439 INFO api.main - Warming up EasyOCR reader (downloads mk+en models if needed)...
2026-06-18 11:07:11,108 INFO pipeline.ocr - Initializing EasyOCR reader (bg + rs_cyrillic + en) — may download models on first run...
2026-06-18 11:07:13,368 INFO pipeline.ocr - EasyOCR reader ready.
2026-06-18 11:07:13,376 INFO api.main - EasyOCR reader ready.
2026-06-18 11:07:13,376 INFO api.main - Loading Komitent and Konten Plan lookup tables...
2026-06-18 11:07:13,442 INFO pipeline.lookup - KomitentLookup: loaded 2017 entries from Коминтенти.xls
2026-06-18 11:07:13,469 INFO pipeline.lookup - KontenPlanLookup: loaded 2612 accounts from Контен план.xls
2026-06-18 11:07:13,470 INFO api.main - Lookup tables ready.
INFO:     Application startup complete.
INFO:     Uvicorn running on http://127.0.0.1:8000 (Press CTRL+C to quit)
2026-06-18 11:07:40,327 INFO pipeline.pipeline - [ 15%] Running OCR extraction...
2026-06-18 11:07:40,347 INFO pipeline.ocr - Using poppler at: C:\poppler\poppler-26.02.0\Library\bin
2026-06-18 11:07:40,348 INFO pipeline.ocr - Rasterizing PDF: tmp2ro8ob3_.pdf at 200 DPI...
2026-06-18 11:07:41,131 INFO pipeline.ocr - PDF rasterized: 1 page(s)
C:\Users\leon\Documents\invoice_analyzer_DC\.venv\Lib\site-packages\torch\utils\data\dataloader.py:752: UserWarning: 'pin_memory' argument is set as true but no accelerator is found, then device pinned memory won't be used.
  super().__init__(loader)
2026-06-18 11:08:04,254 INFO pipeline.ocr - Page 1: OCR extracted 39 visual lines from 116 segments
2026-06-18 11:08:04,260 INFO pipeline.ocr - OCR complete: 1 page(s), 2050 chars
2026-06-18 11:08:04,262 INFO pipeline.pipeline - [ 40%] Matching vendor template...
2026-06-18 11:08:04,264 INFO pipeline.templates - No template matched — using heuristic extractor
2026-06-18 11:08:04,264 INFO pipeline.pipeline - [ 60%] Extracting invoice fields...
2026-06-18 11:08:04,354 INFO pipeline.heuristic - Heuristic extraction: vendor='м ГЕМАК ТРАДЕ Енвер ДОО експорт импорт Скопје', inv_no='ИФФ22/01140', total=7898.00
2026-06-18 11:08:04,355 INFO pipeline.pipeline - [ 75%] Validating schema...
2026-06-18 11:08:04,356 INFO pipeline.pipeline - [ 88%] Verifying arithmetic and dates...
2026-06-18 11:08:04,367 INFO pipeline.pipeline - [100%] Complete in 24.0s (heuristic)
2026-06-18 11:08:04,367 INFO pipeline.pipeline - Complete — clean: tmp2ro8ob3_.pdf
2026-06-18 11:34:28,532 INFO pipeline.pipeline - [ 15%] Running OCR extraction...
2026-06-18 11:34:28,547 INFO pipeline.ocr - Using poppler at: C:\poppler\poppler-26.02.0\Library\bin
2026-06-18 11:34:28,547 INFO pipeline.ocr - Rasterizing PDF: tmphbagr5x6.pdf at 200 DPI...
2026-06-18 11:34:29,332 INFO pipeline.ocr - PDF rasterized: 1 page(s)
C:\Users\leon\Documents\invoice_analyzer_DC\.venv\Lib\site-packages\torch\utils\data\dataloader.py:752: UserWarning: 'pin_memory' argument is set as true but no accelerator is found, then device pinned memory won't be used.
  super().__init__(loader)
2026-06-18 11:35:06,247 INFO pipeline.ocr - Page 1: OCR extracted 39 visual lines from 116 segments
2026-06-18 11:35:06,248 INFO pipeline.ocr - OCR complete: 1 page(s), 2050 chars
2026-06-18 11:35:06,251 INFO pipeline.pipeline - [ 40%] Matching vendor template...
2026-06-18 11:35:06,253 INFO pipeline.templates - No template matched — using heuristic extractor
2026-06-18 11:35:06,254 INFO pipeline.pipeline - [ 60%] Extracting invoice fields...
2026-06-18 11:35:06,270 INFO pipeline.heuristic - Heuristic extraction: vendor='м ГЕМАК ТРАДЕ Енвер ДОО експорт импорт Скопје', inv_no='ИФФ22/01140', total=7898.00
2026-06-18 11:35:06,271 INFO pipeline.pipeline - [ 75%] Validating schema...
2026-06-18 11:35:06,271 INFO pipeline.pipeline - [ 88%] Verifying arithmetic and dates...
2026-06-18 11:35:06,272 INFO pipeline.pipeline - [100%] Complete in 37.7s (heuristic)
2026-06-18 11:35:06,273 INFO pipeline.pipeline - Complete — clean: tmphbagr5x6.pdf
2026-06-18 12:43:39,739 INFO pipeline.pipeline - [ 15%] Running OCR extraction...
2026-06-18 12:43:39,791 INFO pipeline.ocr - Using poppler at: C:\poppler\poppler-26.02.0\Library\bin
2026-06-18 12:43:39,792 INFO pipeline.ocr - Rasterizing PDF: tmptd00dl70.pdf at 200 DPI...
2026-06-18 12:43:40,540 INFO pipeline.ocr - PDF rasterized: 1 page(s)
C:\Users\leon\Documents\invoice_analyzer_DC\.venv\Lib\site-packages\torch\utils\data\dataloader.py:752: UserWarning: 'pin_memory' argument is set as true but no accelerator is found, then device pinned memory won't be used.
  super().__init__(loader)
2026-06-18 12:44:21,768 INFO pipeline.ocr - Page 1: OCR extracted 39 visual lines from 116 segments
2026-06-18 12:44:21,772 INFO pipeline.ocr - OCR complete: 1 page(s), 2050 chars
2026-06-18 12:44:21,773 INFO pipeline.pipeline - [ 40%] Matching vendor template...
2026-06-18 12:44:21,780 INFO pipeline.templates - No template matched — using heuristic extractor
2026-06-18 12:44:21,780 INFO pipeline.pipeline - [ 60%] Extracting invoice fields...
2026-06-18 12:44:21,812 INFO pipeline.heuristic - Heuristic extraction: vendor='м ГЕМАК ТРАДЕ Енвер ДОО експорт импорт Скопје', inv_no='ИФФ22/01140', total=7898.00
2026-06-18 12:44:21,813 INFO pipeline.pipeline - [ 75%] Validating schema...
2026-06-18 12:44:21,820 INFO pipeline.pipeline - [ 88%] Verifying arithmetic and dates...
2026-06-18 12:44:21,823 INFO pipeline.pipeline - [100%] Complete in 42.1s (heuristic)
2026-06-18 12:44:21,824 INFO pipeline.pipeline - Complete — clean: tmptd00dl70.pdf
2026-06-18 13:45:10,971 INFO pipeline.pipeline - [ 15%] Running OCR extraction...
2026-06-18 13:45:11,054 INFO pipeline.ocr - Using poppler at: C:\poppler\poppler-26.02.0\Library\bin
2026-06-18 13:45:11,056 INFO pipeline.ocr - Rasterizing PDF: tmp0d0fli2x.pdf at 200 DPI...
2026-06-18 13:45:12,664 INFO pipeline.ocr - PDF rasterized: 1 page(s)
C:\Users\leon\Documents\invoice_analyzer_DC\.venv\Lib\site-packages\torch\utils\data\dataloader.py:752: UserWarning: 'pin_memory' argument is set as true but no accelerator is found, then device pinned memory won't be used.
  super().__init__(loader)
2026-06-18 13:45:57,698 INFO pipeline.ocr - Page 1: OCR extracted 39 visual lines from 116 segments
2026-06-18 13:45:57,701 INFO pipeline.ocr - OCR complete: 1 page(s), 2050 chars
2026-06-18 13:45:57,703 INFO pipeline.pipeline - [ 40%] Matching vendor template...
2026-06-18 13:45:57,708 INFO pipeline.templates - No template matched — using heuristic extractor
2026-06-18 13:45:57,709 INFO pipeline.pipeline - [ 60%] Extracting invoice fields...
2026-06-18 13:45:57,739 INFO pipeline.heuristic - Heuristic extraction: vendor='м ГЕМАК ТРАДЕ Енвер ДОО експорт импорт Скопје', inv_no='ИФФ22/01140', total=7898.00
2026-06-18 13:45:57,740 INFO pipeline.pipeline - [ 75%] Validating schema...
2026-06-18 13:45:57,749 INFO pipeline.pipeline - [ 88%] Verifying arithmetic and dates...
2026-06-18 13:45:57,752 INFO pipeline.pipeline - [100%] Complete in 46.8s (heuristic)
2026-06-18 13:45:57,752 INFO pipeline.pipeline - Complete — clean: tmp0d0fli2x.pdf
2026-06-18 13:49:41,411 INFO pipeline.pipeline - [ 15%] Running OCR extraction...
2026-06-18 13:49:41,447 INFO pipeline.ocr - Using poppler at: C:\poppler\poppler-26.02.0\Library\bin
2026-06-18 13:49:41,448 INFO pipeline.ocr - Rasterizing PDF: tmpgcv59dlx.pdf at 200 DPI...
2026-06-18 13:49:42,388 INFO pipeline.ocr - PDF rasterized: 1 page(s)
C:\Users\leon\Documents\invoice_analyzer_DC\.venv\Lib\site-packages\torch\utils\data\dataloader.py:752: UserWarning: 'pin_memory' argument is set as true but no accelerator is found, then device pinned memory won't be used.
  super().__init__(loader)
2026-06-18 13:50:19,174 INFO pipeline.ocr - Page 1: OCR extracted 39 visual lines from 116 segments
2026-06-18 13:50:19,175 INFO pipeline.ocr - OCR complete: 1 page(s), 2050 chars
2026-06-18 13:50:19,178 INFO pipeline.pipeline - [ 40%] Matching vendor template...
2026-06-18 13:50:19,181 INFO pipeline.templates - No template matched — using heuristic extractor
2026-06-18 13:50:19,182 INFO pipeline.pipeline - [ 60%] Extracting invoice fields...
2026-06-18 13:50:19,198 INFO pipeline.heuristic - Heuristic extraction: vendor='м ГЕМАК ТРАДЕ Енвер ДОО експорт импорт Скопје', inv_no='ИФФ22/01140', total=7898.00
2026-06-18 13:50:19,199 INFO pipeline.pipeline - [ 75%] Validating schema...
2026-06-18 13:50:19,200 INFO pipeline.pipeline - [ 88%] Verifying arithmetic and dates...
2026-06-18 13:50:19,201 INFO pipeline.pipeline - [100%] Complete in 37.8s (heuristic)
2026-06-18 13:50:19,202 INFO pipeline.pipeline - Complete — clean: tmpgcv59dlx.pdf
2026-06-18 13:56:29,447 INFO pipeline.pipeline - [ 15%] Running OCR extraction...
2026-06-18 13:56:29,458 INFO pipeline.ocr - Using poppler at: C:\poppler\poppler-26.02.0\Library\bin
2026-06-18 13:56:29,459 INFO pipeline.ocr - Rasterizing PDF: tmpkmpp43jy.pdf at 200 DPI...
2026-06-18 13:56:30,263 INFO pipeline.ocr - PDF rasterized: 1 page(s)
C:\Users\leon\Documents\invoice_analyzer_DC\.venv\Lib\site-packages\torch\utils\data\dataloader.py:752: UserWarning: 'pin_memory' argument is set as true but no accelerator is found, then device pinned memory won't be used.
  super().__init__(loader)
2026-06-18 13:57:06,991 INFO pipeline.ocr - Page 1: OCR extracted 39 visual lines from 116 segments
2026-06-18 13:57:06,992 INFO pipeline.ocr - OCR complete: 1 page(s), 2050 chars
2026-06-18 13:57:06,996 INFO pipeline.pipeline - [ 40%] Matching vendor template...
2026-06-18 13:57:06,998 INFO pipeline.templates - No template matched — using heuristic extractor
2026-06-18 13:57:06,999 INFO pipeline.pipeline - [ 60%] Extracting invoice fields...
2026-06-18 13:57:07,015 INFO pipeline.heuristic - Heuristic extraction: vendor='м ГЕМАК ТРАДЕ Енвер ДОО експорт импорт Скопје', inv_no='ИФФ22/01140', total=7898.00
2026-06-18 13:57:07,016 INFO pipeline.pipeline - [ 75%] Validating schema...
2026-06-18 13:57:07,017 INFO pipeline.pipeline - [ 88%] Verifying arithmetic and dates...
2026-06-18 13:57:07,017 INFO pipeline.pipeline - [100%] Complete in 37.6s (heuristic)
2026-06-18 13:57:07,018 INFO pipeline.pipeline - Complete — clean: tmpkmpp43jy.pdf
2026-06-18 14:15:45,986 INFO pipeline.pipeline - [ 15%] Running OCR extraction...
2026-06-18 14:15:46,001 INFO pipeline.ocr - Using poppler at: C:\poppler\poppler-26.02.0\Library\bin
2026-06-18 14:15:46,001 INFO pipeline.ocr - Rasterizing PDF: tmpdu3hbq7b.pdf at 200 DPI...
2026-06-18 14:15:46,778 INFO pipeline.ocr - PDF rasterized: 1 page(s)
C:\Users\leon\Documents\invoice_analyzer_DC\.venv\Lib\site-packages\torch\utils\data\dataloader.py:752: UserWarning: 'pin_memory' argument is set as true but no accelerator is found, then device pinned memory won't be used.
  super().__init__(loader)
2026-06-18 14:16:24,343 INFO pipeline.ocr - Page 1: OCR extracted 39 visual lines from 116 segments
2026-06-18 14:16:24,351 INFO pipeline.ocr - OCR complete: 1 page(s), 2050 chars
2026-06-18 14:16:24,354 INFO pipeline.pipeline - [ 40%] Matching vendor template...
2026-06-18 14:16:24,356 INFO pipeline.templates - No template matched — using heuristic extractor
2026-06-18 14:16:24,357 INFO pipeline.pipeline - [ 60%] Extracting invoice fields...
2026-06-18 14:16:24,373 INFO pipeline.heuristic - Heuristic extraction: vendor='м ГЕМАК ТРАДЕ Енвер ДОО експорт импорт Скопје', inv_no='ИФФ22/01140', total=7898.00
2026-06-18 14:16:24,374 INFO pipeline.pipeline - [ 75%] Validating schema...
2026-06-18 14:16:24,374 INFO pipeline.pipeline - [ 88%] Verifying arithmetic and dates...
2026-06-18 14:16:24,375 INFO pipeline.pipeline - [100%] Complete in 38.4s (heuristic)
2026-06-18 14:16:24,376 INFO pipeline.pipeline - Complete — clean: tmpdu3hbq7b.pdf
2026-06-18 14:41:54,561 INFO pipeline.pipeline - [ 15%] Running OCR extraction...
2026-06-18 14:41:54,594 INFO pipeline.ocr - Using poppler at: C:\poppler\poppler-26.02.0\Library\bin
2026-06-18 14:41:54,595 INFO pipeline.ocr - Rasterizing PDF: tmpqdbohmvt.pdf at 200 DPI...
2026-06-18 14:41:55,953 INFO pipeline.ocr - PDF rasterized: 1 page(s)
C:\Users\leon\Documents\invoice_analyzer_DC\.venv\Lib\site-packages\torch\utils\data\dataloader.py:752: UserWarning: 'pin_memory' argument is set as true but no accelerator is found, then device pinned memory won't be used.
  super().__init__(loader)
2026-06-18 14:42:37,093 INFO pipeline.ocr - Page 1: OCR extracted 26 visual lines from 95 segments
2026-06-18 14:42:37,095 INFO pipeline.ocr - OCR complete: 1 page(s), 1275 chars
2026-06-18 14:42:37,099 INFO pipeline.pipeline - [ 40%] Matching vendor template...
2026-06-18 14:42:37,104 INFO pipeline.templates - No template matched — using heuristic extractor
2026-06-18 14:42:37,105 INFO pipeline.pipeline - [ 60%] Extracting invoice fields...
2026-06-18 14:42:37,144 INFO pipeline.heuristic - Heuristic extraction: vendor='ЗОНЕЛ Софтвер ДООЕЛ Скопје', inv_no='34/1-3', total=7080.00
2026-06-18 14:42:37,145 INFO pipeline.pipeline - [ 75%] Validating schema...
2026-06-18 14:42:37,154 INFO pipeline.pipeline - [ 88%] Verifying arithmetic and dates...
2026-06-18 14:42:37,156 INFO pipeline.pipeline - [100%] Complete in 42.6s (heuristic)
2026-06-18 14:42:37,157 WARNING pipeline.pipeline - Complete with HIGH SEVERITY flags: tmpqdbohmvt.pdf
2026-06-18 14:42:37,200 INFO pipeline.pipeline - [ 15%] Running OCR extraction...
2026-06-18 14:42:37,224 INFO pipeline.ocr - Using poppler at: C:\poppler\poppler-26.02.0\Library\bin
2026-06-18 14:42:37,224 INFO pipeline.ocr - Rasterizing PDF: tmps2ov5077.pdf at 200 DPI...
2026-06-18 14:42:38,686 INFO pipeline.ocr - PDF rasterized: 1 page(s)
C:\Users\leon\Documents\invoice_analyzer_DC\.venv\Lib\site-packages\torch\utils\data\dataloader.py:752: UserWarning: 'pin_memory' argument is set as true but no accelerator is found, then device pinned memory won't be used.
  super().__init__(loader)
2026-06-18 14:43:22,115 INFO pipeline.ocr - Page 1: OCR extracted 32 visual lines from 86 segments
2026-06-18 14:43:22,115 INFO pipeline.ocr - OCR complete: 1 page(s), 717 chars
2026-06-18 14:43:22,118 INFO pipeline.pipeline - [ 40%] Matching vendor template...
2026-06-18 14:43:22,121 INFO pipeline.templates - No template matched — using heuristic extractor
2026-06-18 14:43:22,122 INFO pipeline.pipeline - [ 60%] Extracting invoice fields...
2026-06-18 14:43:22,135 INFO pipeline.heuristic - Heuristic extraction: vendor='ГОРСКА ДООЕЛ Скопје', inv_no='N/A', total=4011010506774
2026-06-18 14:43:22,136 INFO pipeline.pipeline - [ 75%] Validating schema...
2026-06-18 14:43:22,140 ERROR pipeline.pipeline - Schema parsing failed: [<class 'decimal.ConversionSyntax'>]
2026-06-18 14:43:22,167 INFO pipeline.pipeline - [ 15%] Running OCR extraction...
2026-06-18 14:43:22,176 INFO pipeline.ocr - Using poppler at: C:\poppler\poppler-26.02.0\Library\bin
2026-06-18 14:43:22,177 INFO pipeline.ocr - Rasterizing PDF: tmphxm641un.pdf at 200 DPI...
2026-06-18 14:43:23,259 INFO pipeline.ocr - PDF rasterized: 1 page(s)
C:\Users\leon\Documents\invoice_analyzer_DC\.venv\Lib\site-packages\torch\utils\data\dataloader.py:752: UserWarning: 'pin_memory' argument is set as true but no accelerator is found, then device pinned memory won't be used.
  super().__init__(loader)
2026-06-18 14:43:54,809 INFO pipeline.ocr - Page 1: OCR extracted 31 visual lines from 83 segments
2026-06-18 14:43:54,809 INFO pipeline.ocr - OCR complete: 1 page(s), 1151 chars
2026-06-18 14:43:54,813 INFO pipeline.pipeline - [ 40%] Matching vendor template...
2026-06-18 14:43:54,815 INFO pipeline.templates - No template matched — using heuristic extractor
2026-06-18 14:43:54,816 INFO pipeline.pipeline - [ 60%] Extracting invoice fields...
2026-06-18 14:43:54,838 INFO pipeline.heuristic - Heuristic extraction: vendor='Динерс Клуб Интернационал МАК ДООЕЛ ЕДБ: МK4030992100592', inv_no='25-302-00418', total=20159.00
2026-06-18 14:43:54,838 INFO pipeline.pipeline - [ 75%] Validating schema...
2026-06-18 14:43:54,839 ERROR pipeline.pipeline - Schema parsing failed: [<class 'decimal.ConversionSyntax'>]
2026-06-18 14:43:54,869 INFO pipeline.pipeline - [ 15%] Running OCR extraction...
2026-06-18 14:43:54,879 INFO pipeline.ocr - Using poppler at: C:\poppler\poppler-26.02.0\Library\bin
2026-06-18 14:43:54,879 INFO pipeline.ocr - Rasterizing PDF: tmpnaku6h43.pdf at 200 DPI...
2026-06-18 14:43:56,092 INFO pipeline.ocr - PDF rasterized: 1 page(s)
C:\Users\leon\Documents\invoice_analyzer_DC\.venv\Lib\site-packages\torch\utils\data\dataloader.py:752: UserWarning: 'pin_memory' argument is set as true but no accelerator is found, then device pinned memory won't be used.
  super().__init__(loader)
2026-06-18 14:44:31,214 INFO pipeline.ocr - Page 1: OCR extracted 31 visual lines from 74 segments
2026-06-18 14:44:31,221 INFO pipeline.ocr - OCR complete: 1 page(s), 1203 chars
2026-06-18 14:44:31,224 INFO pipeline.pipeline - [ 40%] Matching vendor template...
2026-06-18 14:44:31,227 INFO pipeline.templates - No template matched — using heuristic extractor
2026-06-18 14:44:31,228 INFO pipeline.pipeline - [ 60%] Extracting invoice fields...
2026-06-18 14:44:31,247 INFO pipeline.heuristic - Heuristic extraction: vendor='Динерс Клуб Интернацианал МАi АД', inv_no='Прилог', total=2024
2026-06-18 14:44:31,248 INFO pipeline.pipeline - [ 75%] Validating schema...
2026-06-18 14:44:31,248 INFO pipeline.pipeline - [ 88%] Verifying arithmetic and dates...
2026-06-18 14:44:31,250 INFO pipeline.pipeline - [100%] Complete in 36.4s (heuristic)
2026-06-18 14:44:31,250 WARNING pipeline.pipeline - Complete with HIGH SEVERITY flags: tmpnaku6h43.pdf
2026-06-18 14:44:31,279 INFO pipeline.pipeline - [ 15%] Running OCR extraction...
2026-06-18 14:44:31,288 INFO pipeline.ocr - Using poppler at: C:\poppler\poppler-26.02.0\Library\bin
2026-06-18 14:44:31,289 INFO pipeline.ocr - Rasterizing PDF: tmpqc_dez3_.pdf at 200 DPI...
2026-06-18 14:44:32,070 INFO pipeline.ocr - PDF rasterized: 1 page(s)
C:\Users\leon\Documents\invoice_analyzer_DC\.venv\Lib\site-packages\torch\utils\data\dataloader.py:752: UserWarning: 'pin_memory' argument is set as true but no accelerator is found, then device pinned memory won't be used.
  super().__init__(loader)
2026-06-18 14:45:03,089 INFO pipeline.ocr - Page 1: OCR extracted 30 visual lines from 98 segments
2026-06-18 14:45:03,091 INFO pipeline.ocr - OCR complete: 1 page(s), 1338 chars
2026-06-18 14:45:03,094 INFO pipeline.pipeline - [ 40%] Matching vendor template...
2026-06-18 14:45:03,097 INFO pipeline.templates - No template matched — using heuristic extractor
2026-06-18 14:45:03,098 INFO pipeline.pipeline - [ 60%] Extracting invoice fields...
2026-06-18 14:45:03,121 INFO pipeline.heuristic - Heuristic extraction: vendor='До: ФД ДИНЕРС КЛУБ Интернационал Мак АД Скопје Број 24-3000031935', inv_no='N/A', total=0
2026-06-18 14:45:03,122 INFO pipeline.pipeline - [ 75%] Validating schema...
2026-06-18 14:45:03,124 INFO pipeline.pipeline - [ 88%] Verifying arithmetic and dates...
2026-06-18 14:45:03,124 INFO pipeline.pipeline - [100%] Complete in 31.8s (heuristic)
2026-06-18 14:45:03,125 WARNING pipeline.pipeline - Complete with HIGH SEVERITY flags: tmpqc_dez3_.pdf
2026-06-18 14:45:03,148 INFO pipeline.pipeline - [ 15%] Running OCR extraction...
2026-06-18 14:45:03,157 INFO pipeline.ocr - Using poppler at: C:\poppler\poppler-26.02.0\Library\bin
2026-06-18 14:45:03,158 INFO pipeline.ocr - Rasterizing PDF: tmpbtahkjbc.pdf at 200 DPI...
2026-06-18 14:45:04,010 INFO pipeline.ocr - PDF rasterized: 2 page(s)
C:\Users\leon\Documents\invoice_analyzer_DC\.venv\Lib\site-packages\torch\utils\data\dataloader.py:752: UserWarning: 'pin_memory' argument is set as true but no accelerator is found, then device pinned memory won't be used.
  super().__init__(loader)
2026-06-18 14:45:48,201 INFO pipeline.ocr - Page 1: OCR extracted 43 visual lines from 129 segments
C:\Users\leon\Documents\invoice_analyzer_DC\.venv\Lib\site-packages\torch\utils\data\dataloader.py:752: UserWarning: 'pin_memory' argument is set as true but no accelerator is found, then device pinned memory won't be used.
  super().__init__(loader)
2026-06-18 14:46:09,004 INFO pipeline.ocr - Page 2: OCR extracted 19 visual lines from 67 segments
2026-06-18 14:46:09,006 INFO pipeline.ocr - OCR complete: 2 page(s), 3607 chars
2026-06-18 14:46:09,011 INFO pipeline.pipeline - [ 40%] Matching vendor template...
2026-06-18 14:46:09,014 INFO pipeline.templates - Template matched: 'Македонски Телеком' (makedonski_telekom)
2026-06-18 14:46:09,014 INFO pipeline.pipeline - [ 60%] Extracting invoice fields...
2026-06-18 14:46:09,038 INFO pipeline.templates - Template extraction (Македонски Телеком): vendor='МАКЕДОНСКИ ТЕЛЕКОМ', inv_no='313591012026-7', total=0
2026-06-18 14:46:09,039 INFO pipeline.pipeline - [ 75%] Validating schema...
2026-06-18 14:46:09,039 ERROR pipeline.pipeline - Schema parsing failed: [<class 'decimal.ConversionSyntax'>]
2026-06-18 15:26:17,318 ERROR asyncio - Exception in callback _ProactorBasePipeTransport._call_connection_lost()
handle: <Handle _ProactorBasePipeTransport._call_connection_lost()>
Traceback (most recent call last):
  File "C:\Program Files\WindowsApps\PythonSoftwareFoundation.Python.3.13_3.13.3824.0_x64__qbz5n2kfra8p0\Lib\asyncio\events.py", line 89, in _run
    self._context.run(self._callback, *self._args)
    ~~~~~~~~~~~~~~~~~^^^^^^^^^^^^^^^^^^^^^^^^^^^^^
  File "C:\Program Files\WindowsApps\PythonSoftwareFoundation.Python.3.13_3.13.3824.0_x64__qbz5n2kfra8p0\Lib\asyncio\proactor_events.py", line 165, in _call_connection_lost
    self._sock.shutdown(socket.SHUT_RDWR)
    ~~~~~~~~~~~~~~~~~~~^^^^^^^^^^^^^^^^^^
ConnectionResetError: [WinError 10054] An existing connection was forcibly closed by the remote host
2026-06-18 15:26:41,688 INFO pipeline.pipeline - [ 15%] Running OCR extraction...
2026-06-18 15:26:41,705 INFO pipeline.ocr - Using poppler at: C:\poppler\poppler-26.02.0\Library\bin
2026-06-18 15:26:41,705 INFO pipeline.ocr - Rasterizing PDF: tmpo5x7dai3.pdf at 200 DPI...
2026-06-18 15:26:42,943 INFO pipeline.ocr - PDF rasterized: 1 page(s)
C:\Users\leon\Documents\invoice_analyzer_DC\.venv\Lib\site-packages\torch\utils\data\dataloader.py:752: UserWarning: 'pin_memory' argument is set as true but no accelerator is found, then device pinned memory won't be used.
  super().__init__(loader)
2026-06-18 15:27:22,078 INFO pipeline.ocr - Page 1: OCR extracted 26 visual lines from 95 segments
2026-06-18 15:27:22,080 INFO pipeline.ocr - OCR complete: 1 page(s), 1275 chars
2026-06-18 15:27:22,083 INFO pipeline.pipeline - [ 40%] Matching vendor template...
2026-06-18 15:27:22,086 INFO pipeline.templates - No template matched — using heuristic extractor
2026-06-18 15:27:22,086 INFO pipeline.pipeline - [ 60%] Extracting invoice fields...
2026-06-18 15:27:22,106 INFO pipeline.heuristic - Heuristic extraction: vendor='ЗОНЕЛ Софтвер ДООЕЛ Скопје', inv_no='34/1-3', total=7080.00
2026-06-18 15:27:22,107 INFO pipeline.pipeline - [ 75%] Validating schema...
2026-06-18 15:27:22,109 INFO pipeline.pipeline - [ 88%] Verifying arithmetic and dates...
2026-06-18 15:27:22,110 INFO pipeline.pipeline - [100%] Complete in 40.4s (heuristic)
2026-06-18 15:27:22,111 WARNING pipeline.pipeline - Complete with HIGH SEVERITY flags: tmpo5x7dai3.pdf
2026-06-18 15:27:22,145 INFO pipeline.pipeline - [ 15%] Running OCR extraction...
2026-06-18 15:27:22,154 INFO pipeline.ocr - Using poppler at: C:\poppler\poppler-26.02.0\Library\bin
2026-06-18 15:27:22,155 INFO pipeline.ocr - Rasterizing PDF: tmpre279pr3.pdf at 200 DPI...
2026-06-18 15:27:23,354 INFO pipeline.ocr - PDF rasterized: 1 page(s)
C:\Users\leon\Documents\invoice_analyzer_DC\.venv\Lib\site-packages\torch\utils\data\dataloader.py:752: UserWarning: 'pin_memory' argument is set as true but no accelerator is found, then device pinned memory won't be used.
  super().__init__(loader)
2026-06-18 15:28:04,828 INFO pipeline.ocr - Page 1: OCR extracted 32 visual lines from 86 segments
2026-06-18 15:28:04,836 INFO pipeline.ocr - OCR complete: 1 page(s), 717 chars
2026-06-18 15:28:04,839 INFO pipeline.pipeline - [ 40%] Matching vendor template...
2026-06-18 15:28:04,842 INFO pipeline.templates - No template matched — using heuristic extractor
2026-06-18 15:28:04,842 INFO pipeline.pipeline - [ 60%] Extracting invoice fields...
2026-06-18 15:28:04,856 INFO pipeline.heuristic - Heuristic extraction: vendor='ГОРСКА ДООЕЛ Скопје', inv_no='N/A', total=4011010506774
2026-06-18 15:28:04,857 INFO pipeline.pipeline - [ 75%] Validating schema...
2026-06-18 15:28:04,857 ERROR pipeline.pipeline - Schema parsing failed: [<class 'decimal.ConversionSyntax'>]
2026-06-18 15:28:04,880 INFO pipeline.pipeline - [ 15%] Running OCR extraction...
2026-06-18 15:28:04,889 INFO pipeline.ocr - Using poppler at: C:\poppler\poppler-26.02.0\Library\bin
2026-06-18 15:28:04,890 INFO pipeline.ocr - Rasterizing PDF: tmple1j2sm9.pdf at 200 DPI...
2026-06-18 15:28:06,055 INFO pipeline.ocr - PDF rasterized: 1 page(s)
C:\Users\leon\Documents\invoice_analyzer_DC\.venv\Lib\site-packages\torch\utils\data\dataloader.py:752: UserWarning: 'pin_memory' argument is set as true but no accelerator is found, then device pinned memory won't be used.
  super().__init__(loader)
2026-06-18 15:28:37,129 INFO pipeline.ocr - Page 1: OCR extracted 31 visual lines from 83 segments
2026-06-18 15:28:37,130 INFO pipeline.ocr - OCR complete: 1 page(s), 1151 chars
2026-06-18 15:28:37,133 INFO pipeline.pipeline - [ 40%] Matching vendor template...
2026-06-18 15:28:37,136 INFO pipeline.templates - No template matched — using heuristic extractor
2026-06-18 15:28:37,136 INFO pipeline.pipeline - [ 60%] Extracting invoice fields...
2026-06-18 15:28:37,159 INFO pipeline.heuristic - Heuristic extraction: vendor='Динерс Клуб Интернационал МАК ДООЕЛ ЕДБ: МK4030992100592', inv_no='25-302-00418', total=20159.00
2026-06-18 15:28:37,160 INFO pipeline.pipeline - [ 75%] Validating schema...
2026-06-18 15:28:37,160 ERROR pipeline.pipeline - Schema parsing failed: [<class 'decimal.ConversionSyntax'>]
2026-06-18 15:28:37,192 INFO pipeline.pipeline - [ 15%] Running OCR extraction...
2026-06-18 15:28:37,201 INFO pipeline.ocr - Using poppler at: C:\poppler\poppler-26.02.0\Library\bin
2026-06-18 15:28:37,201 INFO pipeline.ocr - Rasterizing PDF: tmp97145nrl.pdf at 200 DPI...
2026-06-18 15:28:38,477 INFO pipeline.ocr - PDF rasterized: 1 page(s)
C:\Users\leon\Documents\invoice_analyzer_DC\.venv\Lib\site-packages\torch\utils\data\dataloader.py:752: UserWarning: 'pin_memory' argument is set as true but no accelerator is found, then device pinned memory won't be used.
  super().__init__(loader)
2026-06-18 15:29:11,877 INFO pipeline.ocr - Page 1: OCR extracted 31 visual lines from 74 segments
2026-06-18 15:29:11,878 INFO pipeline.ocr - OCR complete: 1 page(s), 1203 chars
2026-06-18 15:29:11,881 INFO pipeline.pipeline - [ 40%] Matching vendor template...
2026-06-18 15:29:11,884 INFO pipeline.templates - No template matched — using heuristic extractor
2026-06-18 15:29:11,885 INFO pipeline.pipeline - [ 60%] Extracting invoice fields...
2026-06-18 15:29:11,904 INFO pipeline.heuristic - Heuristic extraction: vendor='Динерс Клуб Интернацианал МАi АД', inv_no='Прилог', total=2024
2026-06-18 15:29:11,905 INFO pipeline.pipeline - [ 75%] Validating schema...
2026-06-18 15:29:11,906 INFO pipeline.pipeline - [ 88%] Verifying arithmetic and dates...
2026-06-18 15:29:11,906 INFO pipeline.pipeline - [100%] Complete in 34.7s (heuristic)
2026-06-18 15:29:11,907 WARNING pipeline.pipeline - Complete with HIGH SEVERITY flags: tmp97145nrl.pdf
2026-06-18 15:29:11,938 INFO pipeline.pipeline - [ 15%] Running OCR extraction...
2026-06-18 15:29:11,947 INFO pipeline.ocr - Using poppler at: C:\poppler\poppler-26.02.0\Library\bin
2026-06-18 15:29:11,948 INFO pipeline.ocr - Rasterizing PDF: tmpnz00zsk9.pdf at 200 DPI...
2026-06-18 15:29:12,623 INFO pipeline.ocr - PDF rasterized: 1 page(s)
C:\Users\leon\Documents\invoice_analyzer_DC\.venv\Lib\site-packages\torch\utils\data\dataloader.py:752: UserWarning: 'pin_memory' argument is set as true but no accelerator is found, then device pinned memory won't be used.
  super().__init__(loader)
2026-06-18 15:29:42,278 INFO pipeline.ocr - Page 1: OCR extracted 30 visual lines from 98 segments
2026-06-18 15:29:42,286 INFO pipeline.ocr - OCR complete: 1 page(s), 1338 chars
2026-06-18 15:29:42,289 INFO pipeline.pipeline - [ 40%] Matching vendor template...
2026-06-18 15:29:42,292 INFO pipeline.templates - No template matched — using heuristic extractor
2026-06-18 15:29:42,292 INFO pipeline.pipeline - [ 60%] Extracting invoice fields...
2026-06-18 15:29:42,315 INFO pipeline.heuristic - Heuristic extraction: vendor='До: ФД ДИНЕРС КЛУБ Интернационал Мак АД Скопје Број 24-3000031935', inv_no='N/A', total=0
2026-06-18 15:29:42,316 INFO pipeline.pipeline - [ 75%] Validating schema...
2026-06-18 15:29:42,317 INFO pipeline.pipeline - [ 88%] Verifying arithmetic and dates...
2026-06-18 15:29:42,317 INFO pipeline.pipeline - [100%] Complete in 30.4s (heuristic)
2026-06-18 15:29:42,318 WARNING pipeline.pipeline - Complete with HIGH SEVERITY flags: tmpnz00zsk9.pdf
2026-06-18 15:29:42,345 INFO pipeline.pipeline - [ 15%] Running OCR extraction...
2026-06-18 15:29:42,355 INFO pipeline.ocr - Using poppler at: C:\poppler\poppler-26.02.0\Library\bin
2026-06-18 15:29:42,355 INFO pipeline.ocr - Rasterizing PDF: tmpfiwjdmgn.pdf at 200 DPI...
2026-06-18 15:29:43,312 INFO pipeline.ocr - PDF rasterized: 2 page(s)
C:\Users\leon\Documents\invoice_analyzer_DC\.venv\Lib\site-packages\torch\utils\data\dataloader.py:752: UserWarning: 'pin_memory' argument is set as true but no accelerator is found, then device pinned memory won't be used.
  super().__init__(loader)
2026-06-18 15:30:10,791 INFO pipeline.ocr - Page 1: OCR extracted 43 visual lines from 129 segments
C:\Users\leon\Documents\invoice_analyzer_DC\.venv\Lib\site-packages\torch\utils\data\dataloader.py:752: UserWarning: 'pin_memory' argument is set as true but no accelerator is found, then device pinned memory won't be used.
  super().__init__(loader)
2026-06-18 15:30:28,721 INFO pipeline.ocr - Page 2: OCR extracted 19 visual lines from 67 segments
2026-06-18 15:30:28,728 INFO pipeline.ocr - OCR complete: 2 page(s), 3607 chars
2026-06-18 15:30:28,734 INFO pipeline.pipeline - [ 40%] Matching vendor template...
2026-06-18 15:30:28,737 INFO pipeline.templates - Template matched: 'Македонски Телеком' (makedonski_telekom)
2026-06-18 15:30:28,737 INFO pipeline.pipeline - [ 60%] Extracting invoice fields...
2026-06-18 15:30:28,753 INFO pipeline.templates - Template extraction (Македонски Телеком): vendor='МАКЕДОНСКИ ТЕЛЕКОМ', inv_no='313591012026-7', total=0
2026-06-18 15:30:28,754 INFO pipeline.pipeline - [ 75%] Validating schema...
2026-06-18 15:30:28,755 ERROR pipeline.pipeline - Schema parsing failed: [<class 'decimal.ConversionSyntax'>]
